2020-06-19 19:43:13,460 - INFO - 当前设备数:1
2020-06-19 19:43:13,460 - INFO - appium服务启动
2020-06-19 19:43:15,464 - INFO - APP启动
2020-06-19 19:43:27,566 - INFO - 设备：31b777fd    目前测试内容：首页导航：涨停强度、暴涨牛股、自选股等
2020-06-19 19:43:27,567 - INFO - 设备：31b777fd    遍历开始
2020-06-19 19:43:27,727 - INFO - 设备：31b777fd    出现异常，记录问题日志！！！！！！！！！！！！！！！！！！！！！！！！！！！！！！！！！！！！！！！！！
2020-06-19 19:43:27,727 - INFO - 正在进行恢复测试环境
2020-06-19 19:43:29,242 - INFO - 已恢复到最初测试环境
2020-06-19 19:43:29,242 - INFO - 设备：31b777fd    开始执行涨停强度
2020-06-19 19:43:30,673 - INFO - 设备：31b777fd 涨停强度   出现异常，记录问题日志！！！！！！！！！！！！！！！
2020-06-19 19:43:30,673 - INFO - 正在进行恢复测试环境
2020-06-19 19:43:31,525 - INFO - 已恢复到最初测试环境
2020-06-19 19:43:31,525 - INFO - 设备：31b777fd    开始执行最强风口
2020-06-19 19:43:32,127 - INFO - 设备：31b777fd 最强风口   出现异常，记录问题日志！！！！！！！！！！！！！！！
2020-06-19 19:43:32,127 - INFO - 正在进行恢复测试环境
2020-06-19 19:43:34,319 - INFO - 已恢复到最初测试环境
2020-06-19 19:43:34,319 - INFO - 设备：31b777fd    开始执行爆炒热度
2020-06-19 19:43:35,396 - INFO - 设备：31b777fd 爆炒热度   出现异常，记录问题日志！！！！！！！！！！！！！！！
2020-06-19 19:43:35,396 - INFO - 正在进行恢复测试环境
2020-06-19 19:43:37,393 - INFO - 已恢复到最初测试环境
2020-06-19 19:43:37,393 - INFO - 设备：31b777fd    开始执行全部涨停板
2020-06-19 19:48:43,004 - INFO - 当前设备数:1
2020-06-19 19:48:43,004 - INFO - appium服务启动
2020-06-19 19:48:45,008 - INFO - APP启动
2020-06-19 19:48:57,485 - INFO - 设备：31b777fd    开始执行全部涨停板
2020-06-19 19:50:55,717 - INFO - 当前设备数:1
2020-06-19 19:50:55,718 - INFO - appium服务启动
2020-06-19 19:50:57,721 - INFO - APP启动
2020-06-19 19:51:09,812 - INFO - 设备：31b777fd    开始执行全部涨停板
2020-06-19 19:51:09,983 - INFO - 设备：31b777fd 全部涨停板   出现异常，记录问题日志！！！！！！！！！！！！！！！
2020-06-19 19:51:09,984 - INFO - 正在进行恢复测试环境
2020-06-19 19:51:11,457 - INFO - 已恢复到最初测试环境
2020-06-19 19:51:11,457 - INFO - 设备：31b777fd    开始执行自然板
2020-06-19 19:51:12,911 - INFO - 设备：31b777fd 自然板   出现异常，记录问题日志！！！！！！！！！！！！！！！
2020-06-19 19:51:12,911 - INFO - 正在进行恢复测试环境
2020-06-19 19:51:13,752 - INFO - 已恢复到最初测试环境
2020-06-19 19:51:13,753 - INFO - 设备：31b777fd    开始执行一字板
2020-06-19 19:51:14,617 - INFO - 设备：31b777fd 一字板   出现异常，记录问题日志！！！！！！！！！！！！！！！
2020-06-19 19:51:14,618 - INFO - 正在进行恢复测试环境
2020-06-19 19:51:16,552 - INFO - 已恢复到最初测试环境
